SF:lib\core\failure\failure.dart
DA:5,0
LF:1
LH:0
end_of_record
SF:lib\features\auth\domain\usecases\auth_usecase.dart
DA:7,0
DA:8,0
DA:14,0
DA:16,0
DA:17,0
DA:20,0
DA:21,0
LF:7
LH:0
end_of_record
SF:lib\features\home\presentation\navigator\home_navigator.dart
DA:6,0
DA:7,0
DA:13,0
DA:14,0
LF:4
LH:0
end_of_record
SF:lib\features\auth\presentation\navigator\signup_navigator.dart
DA:6,0
DA:7,0
DA:13,0
DA:14,0
LF:4
LH:0
end_of_record
SF:lib\features\auth\presentation\navigator\login_navigator.dart
DA:8,0
DA:15,0
DA:16,0
LF:3
LH:0
end_of_record
SF:lib\features\auth\presentation\view_model\auth_view_model.dart
DA:10,2
DA:11,1
DA:12,0
DA:13,0
DA:17,3
DA:22,0
DA:23,0
DA:24,0
DA:25,0
DA:26,0
DA:27,0
DA:28,0
DA:30,0
DA:31,0
DA:32,0
DA:37,0
DA:38,0
DA:39,0
DA:40,0
DA:41,0
DA:42,0
DA:43,0
DA:45,0
DA:46,0
DA:47,0
DA:48,0
DA:53,0
DA:54,0
DA:57,1
LF:29
LH:4
end_of_record
SF:lib\features\auth\domain\entity\auth_entity.dart
DA:18,0
DA:26,0
DA:27,0
DA:28,0
DA:29,0
DA:30,0
DA:31,0
DA:32,0
LF:8
LH:0
end_of_record
SF:lib\features\auth\domain\repository\i_auth_repository.dart
DA:9,0
DA:10,0
DA:11,0
DA:18,0
LF:4
LH:0
end_of_record
SF:lib\app\contants\hive_table_constant.dart
DA:2,0
LF:1
LH:0
end_of_record
SF:lib\app\navigator\navigator.dart
DA:6,0
DA:9,0
DA:10,0
DA:11,0
DA:12,0
DA:17,0
DA:18,0
DA:19,0
DA:20,0
DA:25,0
DA:26,0
DA:27,0
LF:12
LH:0
end_of_record
SF:lib\app\navigator_key\navigator_key.dart
DA:4,0
DA:6,0
LF:2
LH:0
end_of_record
SF:lib\core\common\common_widget\show_my_snackbar.dart
DA:4,0
DA:8,0
DA:9,0
DA:10,0
DA:11,0
DA:12,0
LF:6
LH:0
end_of_record
SF:lib\core\networking\local\hive_service.dart
DA:7,0
DA:10,0
DA:11,0
DA:12,0
DA:16,0
DA:22,0
DA:23,0
DA:24,0
DA:27,0
DA:28,0
DA:29,0
DA:30,0
DA:31,0
DA:36,0
DA:37,0
DA:38,0
DA:41,0
DA:42,0
DA:43,0
DA:44,0
LF:20
LH:0
end_of_record
SF:lib\features\auth\data\model\auth_hive_model.dart
DA:9,0
DA:10,0
DA:31,0
DA:37,0
DA:40,0
DA:41,0
DA:50,0
DA:51,0
DA:52,0
DA:53,0
DA:54,0
DA:55,0
DA:58,0
DA:59,0
DA:60,0
DA:61,0
DA:62,0
DA:63,0
DA:66,0
DA:67,0
DA:69,0
DA:70,0
DA:72,0
DA:74,0
LF:24
LH:0
end_of_record
SF:lib\features\auth\data\model\auth_hive_model.g.dart
DA:13,0
DA:15,0
DA:16,0
DA:17,0
DA:19,0
DA:20,0
DA:21,0
DA:22,0
DA:23,0
DA:24,0
DA:28,0
DA:31,0
DA:32,0
DA:33,0
DA:34,0
DA:35,0
DA:36,0
DA:37,0
DA:38,0
DA:39,0
DA:40,0
DA:41,0
DA:44,0
DA:45,0
DA:47,0
DA:50,0
DA:51,0
DA:52,0
LF:28
LH:0
end_of_record
SF:lib\features\auth\data\data_source\local\auth_local_data_source.dart
DA:8,0
DA:9,0
DA:10,0
DA:11,0
DA:19,0
DA:20,0
DA:23,0
DA:24,0
DA:26,0
DA:27,0
DA:32,0
DA:35,0
DA:39,0
DA:41,0
DA:43,0
DA:44,0
DA:49,0
LF:17
LH:0
end_of_record
SF:lib\features\auth\data\repository\auth_local_repository.dart
DA:8,0
DA:9,0
DA:10,0
DA:16,0
DA:18,0
DA:20,0
DA:23,0
DA:25,0
DA:28,0
DA:31,0
LF:10
LH:0
end_of_record
SF:lib\features\auth\presentation\view\login_view.dart
DA:351,1
DA:353,0
DA:354,0
DA:363,0
DA:365,0
DA:366,0
DA:367,0
DA:368,0
DA:369,0
DA:371,0
DA:372,0
DA:381,0
DA:382,0
DA:383,0
DA:385,0
DA:386,0
DA:396,0
DA:397,0
DA:398,0
DA:399,0
DA:404,0
DA:413,0
DA:417,0
DA:419,0
DA:423,0
DA:430,0
DA:431,0
DA:434,0
DA:435,0
DA:440,0
DA:447,0
DA:451,0
DA:453,0
DA:457,0
DA:464,0
DA:466,0
DA:467,0
DA:468,0
DA:469,0
DA:470,0
DA:471,0
DA:472,0
DA:473,0
DA:487,0
DA:502,0
DA:504,0
DA:505,0
DA:506,0
DA:507,0
DA:508,0
DA:509,0
DA:510,0
DA:511,0
DA:513,0
DA:514,0
DA:525,0
DA:527,0
DA:534,0
DA:535,0
DA:536,0
DA:537,0
DA:538,0
DA:554,0
DA:556,0
DA:557,0
DA:558,0
DA:560,0
DA:575,0
DA:576,0
DA:578,0
LF:70
LH:1
end_of_record
SF:lib\features\auth\presentation\view\register_view.dart
DA:391,1
DA:393,0
DA:394,0
DA:408,0
DA:410,0
DA:411,0
DA:412,0
DA:413,0
DA:415,0
DA:416,0
DA:417,0
DA:419,0
DA:429,0
DA:430,0
DA:433,0
DA:434,0
DA:441,0
DA:442,0
DA:446,0
DA:447,0
DA:454,0
DA:455,0
DA:459,0
DA:460,0
DA:463,0
DA:470,0
DA:471,0
DA:475,0
DA:476,0
DA:479,0
DA:486,0
DA:487,0
DA:492,0
DA:493,0
DA:496,0
DA:503,0
DA:504,0
DA:505,0
DA:506,0
DA:507,0
DA:508,0
DA:509,0
DA:510,0
DA:512,0
DA:513,0
DA:514,0
DA:517,0
DA:525,0
DA:526,0
DA:527,0
DA:532,0
LF:51
LH:1
end_of_record
SF:lib\features\auth\presentation\state\auth_state.dart
DA:8,1
DA:14,2
DA:20,1
DA:22,0
DA:27,0
DA:28,0
DA:29,0
DA:30,0
LF:8
LH:3
end_of_record
SF:lib\features\home\presentation\view\home_view.dart
DA:7,1
DA:9,0
DA:10,0
DA:24,0
DA:25,0
DA:31,0
DA:32,0
DA:33,0
DA:37,0
DA:38,0
DA:39,0
DA:40,0
DA:44,0
DA:45,0
DA:46,0
DA:50,0
DA:52,0
DA:53,0
DA:54,0
DA:56,0
DA:57,0
DA:59,0
DA:63,0
DA:64,0
DA:65,0
DA:66,0
DA:87,0
DA:89,0
DA:99,0
DA:101,0
DA:103,0
DA:105,0
DA:106,0
DA:107,0
DA:108,0
DA:110,0
DA:111,0
DA:112,0
DA:117,0
DA:118,0
DA:121,0
DA:122,0
DA:123,0
DA:124,0
DA:125,0
DA:139,0
DA:141,0
DA:142,0
DA:153,0
DA:154,0
DA:156,0
DA:158,0
DA:160,0
DA:167,0
DA:168,0
DA:169,0
DA:170,0
DA:172,0
DA:173,0
DA:179,0
DA:182,0
DA:185,0
DA:187,0
DA:191,0
DA:194,0
DA:195,0
DA:196,0
DA:197,0
DA:198,0
DA:202,0
DA:204,0
DA:205,0
DA:208,0
DA:210,0
DA:212,0
DA:213,0
DA:214,0
DA:215,0
DA:217,0
DA:218,0
DA:223,0
DA:224,0
DA:225,0
DA:227,0
DA:228,0
DA:234,0
DA:235,0
DA:236,0
DA:238,0
DA:239,0
DA:244,0
DA:245,0
DA:249,0
DA:251,0
DA:253,0
DA:254,0
LF:96
LH:1
end_of_record
